<?xml version="1.0" encoding="UTF-8"?>
<!-- Generated by org.testng.reporters.JUnitReportReporter -->
<testsuite hostname="GURL5CG207721Z" failures="0" tests="3" name="capgemini.Tests.SubmitOrderTest" time="37.386" errors="0" timestamp="2024-07-30T15:15:15 IST" skipped="0">
  <testcase classname="capgemini.Tests.SubmitOrderTest" name="submitOrder" time="16.379"/>
  <testcase classname="capgemini.Tests.SubmitOrderTest" name="OrderHistoryTest" time="6.700"/>
  <testcase classname="capgemini.Tests.SubmitOrderTest" name="submitOrder" time="14.307"/>
</testsuite> <!-- capgemini.Tests.SubmitOrderTest -->
