<?xml version="1.0" encoding="UTF-8"?>
<!-- Generated by org.testng.reporters.JUnitReportReporter -->
<testsuite hostname="GURL5CG207721Z" failures="0" tests="1" name="capgemini.Tests.ErrorValidationsTest" time="7.039" errors="0" timestamp="2024-07-31T14:06:10 IST" skipped="0">
  <testcase classname="capgemini.Tests.ErrorValidationsTest" name="LoginErrorValidation" time="7.039"/>
</testsuite> <!-- capgemini.Tests.ErrorValidationsTest -->
