<?xml version="1.0" encoding="UTF-8"?>
<!-- Generated by org.testng.reporters.JUnitReportReporter -->
<testsuite hostname="GURL5CG207721Z" failures="0" tests="1" name="cucumber.TestNGTestRunner" time="12.262" errors="0" timestamp="2024-08-01T16:04:17 IST" skipped="0">
  <testcase classname="cucumber.TestNGTestRunner" name="runScenario" time="12.262"/>
</testsuite> <!-- cucumber.TestNGTestRunner -->
